0 info it worked if it ends with ok
1 verbose cli [ '/usr/local/Cellar/node/5.7.1/bin/node',
1 verbose cli   '/usr/local/bin/npm',
1 verbose cli   'run',
1 verbose cli   'webpack' ]
2 info using npm@4.1.2
3 info using node@v7.6.0
4 verbose run-script [ 'prewebpack', 'webpack', 'postwebpack' ]
5 info lifecycle react-people-search@1.0.0~prewebpack: react-people-search@1.0.0
6 silly lifecycle react-people-search@1.0.0~prewebpack: no script for prewebpack, continuing
7 info lifecycle react-people-search@1.0.0~webpack: react-people-search@1.0.0
8 verbose lifecycle react-people-search@1.0.0~webpack: unsafe-perm in lifecycle true
9 verbose lifecycle react-people-search@1.0.0~webpack: PATH: /usr/local/lib/node_modules/npm/bin/node-gyp-bin:/Users/boetwaldbjorn/Code/projects/react-people-search/node_modules/.bin:/Users/boetwaldbjorn/.rvm/gems/ruby-2.3.1/bin:/Users/boetwaldbjorn/.rvm/gems/ruby-2.3.1@global/bin:/Users/boetwaldbjorn/.rvm/rubies/ruby-2.3.1/bin:/Users/boetwaldbjorn/.rbenv/shims:/Users/boetwaldbjorn/.rbenv/bin:/usr/local/bin:/usr/bin:/bin:/usr/sbin:/sbin:/Applications/Postgres.app/Contents/Versions/9.5/bin:/Users/boetwaldbjorn/.rvm/bin
10 verbose lifecycle react-people-search@1.0.0~webpack: CWD: /Users/boetwaldbjorn/Code/projects/react-people-search
11 silly lifecycle react-people-search@1.0.0~webpack: Args: [ '-c', 'webpack' ]
12 silly lifecycle react-people-search@1.0.0~webpack: Returned: code: 2  signal: null
13 info lifecycle react-people-search@1.0.0~webpack: Failed to exec webpack script
14 verbose stack Error: react-people-search@1.0.0 webpack: `webpack`
14 verbose stack Exit status 2
14 verbose stack     at EventEmitter.<anonymous> (/usr/local/lib/node_modules/npm/lib/utils/lifecycle.js:279:16)
14 verbose stack     at emitTwo (events.js:106:13)
14 verbose stack     at EventEmitter.emit (events.js:192:7)
14 verbose stack     at ChildProcess.<anonymous> (/usr/local/lib/node_modules/npm/lib/utils/spawn.js:40:14)
14 verbose stack     at emitTwo (events.js:106:13)
14 verbose stack     at ChildProcess.emit (events.js:192:7)
14 verbose stack     at maybeClose (internal/child_process.js:890:16)
14 verbose stack     at Process.ChildProcess._handle.onexit (internal/child_process.js:226:5)
15 verbose pkgid react-people-search@1.0.0
16 verbose cwd /Users/boetwaldbjorn/Code/projects/react-people-search
17 error Darwin 16.4.0
18 error argv "/usr/local/Cellar/node/5.7.1/bin/node" "/usr/local/bin/npm" "run" "webpack"
19 error node v7.6.0
20 error npm  v4.1.2
21 error code ELIFECYCLE
22 error react-people-search@1.0.0 webpack: `webpack`
22 error Exit status 2
23 error Failed at the react-people-search@1.0.0 webpack script 'webpack'.
23 error Make sure you have the latest version of node.js and npm installed.
23 error If you do, this is most likely a problem with the react-people-search package,
23 error not with npm itself.
23 error Tell the author that this fails on your system:
23 error     webpack
23 error You can get information on how to open an issue for this project with:
23 error     npm bugs react-people-search
23 error Or if that isn't available, you can get their info via:
23 error     npm owner ls react-people-search
23 error There is likely additional logging output above.
24 verbose exit [ 1, true ]
